[1488:11040:0410/123354.999:WARNING:chrome_main_delegate.cc(745)] This is Chrome version 128.0.6613.138 (not a warning)
[1488:15744:0410/123355.228:ERROR:google_update_settings.cc(265)] Failed opening key Software\Chromium to set usagestats; result: 5
[1488:11040:0410/123355.348:WARNING:account_consistency_mode_manager.cc(77)] Desktop Identity Consistency cannot be enabled as no OAuth client ID and client secret have been configured.
[1488:4844:0410/123355.409:ERROR:network_sandbox.cc(304)] Failed to grant sandbox access to cache directory D:\Unreal Engine\SurvivalRPGEngine\Saved\webcache_6613\Default\Cache\Cache_Data: Accès refusé. (0x5)
[1488:4844:0410/123355.586:ERROR:network_sandbox.cc(319)] Failed to grant sandbox access to shared dictionary directory D:\Unreal Engine\SurvivalRPGEngine\Saved\webcache_6613\Default\Shared Dictionary: Accès refusé. (0x5)
[1488:23184:0410/123355.586:ERROR:network_sandbox.cc(408)] Failed to grant sandbox access to network context data directory D:\Unreal Engine\SurvivalRPGEngine\Saved\webcache_6613\Default\Safe Browsing Network: Accès refusé. (0x5)
[1488:4844:0410/123355.918:ERROR:network_sandbox.cc(408)] Failed to grant sandbox access to network context data directory D:\Unreal Engine\SurvivalRPGEngine\Saved\webcache_6613\Default\Network: Accès refusé. (0x5)
[1488:11040:0410/123358.500:ERROR:network_service_instance_impl.cc(286)] Encountered error while migrating network context data or granting sandbox access for D:\Unreal Engine\SurvivalRPGEngine\Saved\webcache_6613\Default\Safe Browsing Network. Result: 11: Accès refusé. (0x5)
[1488:11040:0410/123358.501:ERROR:network_service_instance_impl.cc(286)] Encountered error while migrating network context data or granting sandbox access for D:\Unreal Engine\SurvivalRPGEngine\Saved\webcache_6613\Default\Network. Result: 11: Accès refusé. (0x5)
[1488:24896:0410/123400.336:WARNING:browser_info.cc(345)] Returning a speculative frame for [7,5]
[1488:11040:0410/123400.375:WARNING:browser_info.cc(345)] Returning a speculative frame for [8,5]
[1488:11040:0410/123400.375:WARNING:browser_info.cc(345)] Returning a speculative frame for [8,5]
[1488:11040:0410/123400.375:WARNING:browser_info.cc(345)] Returning a speculative frame for [8,5]
[1488:11040:0410/123400.375:WARNING:browser_info.cc(345)] Returning a speculative frame for [8,5]
[1488:24896:0410/123400.417:WARNING:browser_info.cc(345)] Returning a speculative frame for [8,5]
[1488:24896:0410/123405.361:ERROR:cast_crl.cc(443)] CRL - Verification failed.
[18040:15636:0410/123614.627:WARNING:frame_impl.cc(430)] virtual CefFrameImpl::SendProcessMessage sent to detached frame 6-6EB8BD07A71AD205EB836B4092349DEE will be ignored
[29592:28636:0410/123614.635:ERROR:shared_image_manager.cc(224)] SharedImageManager::ProduceSkia: Trying to Produce a Skia representation from a non-existent mailbox.
[29592:28636:0410/123614.635:ERROR:shared_image_manager.cc(224)] SharedImageManager::ProduceSkia: Trying to Produce a Skia representation from a non-existent mailbox.
[1488:11040:0410/134315.215:WARNING:pref_notifier_impl.cc(41)] Pref observer for media_router.cast_allow_all_ips found at shutdown.
